  Building Custom Rule C:/Users/Chase/Downloads/CSC 196u/A0/A0/source/CMakeLists.txt
  CMake does not need to re-run because C:/Users/Chase/Downloads/CSC 196u/A0/A0/build/CMakeFiles/generate.stamp is up-to-date.
  wbArg.cpp
  wbCUDA.cpp
  wbDataset.cpp
  wbDirectory.cpp
  wbExit.cpp
  wbExport.cpp
  wbFile.cpp
  wbImage.cpp
  wbImport.cpp
  wbInit.cpp
  wbLogger.cpp
  wbMPI.cpp
  wbPPM.cpp
  wbPath.cpp
  wbSolution.cpp
  wbSparse.cpp
  wbTimer.cpp
  json11.cpp
C:\Users\Chase\Downloads\CSC 196u\A0\A0\source\libwb\vendor\json11.cpp(268): warning C4244: 'return': conversion from 'const int64_t' to 'double', possible loss of data
C:\Users\Chase\Downloads\CSC 196u\A0\A0\source\libwb\vendor\json11.cpp(293): warning C4244: 'return': conversion from 'const uint64_t' to 'double', possible loss of data
  Generating Code...
wbCUDA.obj : warning LNK4221: This object file does not define any previously undefined public symbols, so it will not be used by any link operation that consumes this library
  wb.vcxproj -> C:\Users\Chase\Downloads\CSC 196u\A0\A0\build\Debug\wb.lib
