c:\users\chase\downloads\csc\csc 196u\a3\build\wb.dir\debug\wb.pdb
c:\users\chase\downloads\csc\csc 196u\a3\build\wb.dir\debug\json11.obj
c:\users\chase\downloads\csc\csc 196u\a3\build\wb.dir\debug\wbtimer.obj
c:\users\chase\downloads\csc\csc 196u\a3\build\wb.dir\debug\wbsparse.obj
c:\users\chase\downloads\csc\csc 196u\a3\build\wb.dir\debug\wbsolution.obj
c:\users\chase\downloads\csc\csc 196u\a3\build\wb.dir\debug\wbpath.obj
c:\users\chase\downloads\csc\csc 196u\a3\build\wb.dir\debug\wbppm.obj
c:\users\chase\downloads\csc\csc 196u\a3\build\wb.dir\debug\wbmpi.obj
c:\users\chase\downloads\csc\csc 196u\a3\build\wb.dir\debug\wblogger.obj
c:\users\chase\downloads\csc\csc 196u\a3\build\wb.dir\debug\wbinit.obj
c:\users\chase\downloads\csc\csc 196u\a3\build\wb.dir\debug\wbimport.obj
c:\users\chase\downloads\csc\csc 196u\a3\build\wb.dir\debug\wbimage.obj
c:\users\chase\downloads\csc\csc 196u\a3\build\wb.dir\debug\wbfile.obj
c:\users\chase\downloads\csc\csc 196u\a3\build\wb.dir\debug\wbexport.obj
c:\users\chase\downloads\csc\csc 196u\a3\build\wb.dir\debug\wbexit.obj
c:\users\chase\downloads\csc\csc 196u\a3\build\wb.dir\debug\wbdirectory.obj
c:\users\chase\downloads\csc\csc 196u\a3\build\wb.dir\debug\wbdataset.obj
c:\users\chase\downloads\csc\csc 196u\a3\build\wb.dir\debug\wbcuda.obj
c:\users\chase\downloads\csc\csc 196u\a3\build\wb.dir\debug\wbarg.obj
c:\users\chase\downloads\csc\csc 196u\a3\build\cmakefiles\generate.stamp
c:\users\chase\downloads\csc\csc 196u\a3\build\debug\wb.lib
c:\users\chase\downloads\csc\csc 196u\a3\build\debug\wb.pdb
c:\users\chase\downloads\csc\csc 196u\a3\build\wb.dir\debug\wb.tlog\cl.command.1.tlog
c:\users\chase\downloads\csc\csc 196u\a3\build\wb.dir\debug\wb.tlog\cl.read.1.tlog
c:\users\chase\downloads\csc\csc 196u\a3\build\wb.dir\debug\wb.tlog\cl.write.1.tlog
c:\users\chase\downloads\csc\csc 196u\a3\build\wb.dir\debug\wb.tlog\custombuild.command.1.tlog
c:\users\chase\downloads\csc\csc 196u\a3\build\wb.dir\debug\wb.tlog\custombuild.read.1.tlog
c:\users\chase\downloads\csc\csc 196u\a3\build\wb.dir\debug\wb.tlog\custombuild.write.1.tlog
c:\users\chase\downloads\csc\csc 196u\a3\build\wb.dir\debug\wb.tlog\lib-link.read.1.tlog
c:\users\chase\downloads\csc\csc 196u\a3\build\wb.dir\debug\wb.tlog\lib-link.write.1.tlog
c:\users\chase\downloads\csc\csc 196u\a3\build\wb.dir\debug\wb.tlog\lib.command.1.tlog
